<?xml version="1.0" encoding="UTF-8"?>
<testsuite name="com.Bridgelabz.userRegistration.UserRegistrationTest" tests="1" skipped="0" failures="0" errors="0" timestamp="2020-04-02T19:27:34" hostname="rajchaudhari-HP-Notebook" time="0.001">
  <properties/>
  <testcase name="userPassword_invalidThenFalse" classname="com.Bridgelabz.userRegistration.UserRegistrationTest" time="0.001"/>
  <system-out><![CDATA[]]></system-out>
  <system-err><![CDATA[]]></system-err>
</testsuite>
